#! 
:ivl_version "13.0 (devel)" "(s20221226-345-gc9548f033)";
:ivl_delay_selection "TYPICAL";
:vpi_time_precision - 9;
:vpi_module "C:\Users\H\DOWNLO~1\OSS-CA~1\lib\ivl\system.vpi";
:vpi_module "C:\Users\H\DOWNLO~1\OSS-CA~1\lib\ivl\vhdl_sys.vpi";
:vpi_module "C:\Users\H\DOWNLO~1\OSS-CA~1\lib\ivl\vhdl_textio.vpi";
:vpi_module "C:\Users\H\DOWNLO~1\OSS-CA~1\lib\ivl\v2005_math.vpi";
:vpi_module "C:\Users\H\DOWNLO~1\OSS-CA~1\lib\ivl\va_math.vpi";
:vpi_module "C:\Users\H\DOWNLO~1\OSS-CA~1\lib\ivl\v2009.vpi";
S_00000000001ea660 .scope package, "$unit" "$unit" 2 1;
 .timescale 0 0;
S_00000000001ebcb0 .scope module, "display_tb" "display_tb" 3 3;
 .timescale -9 -9;
P_0000000004ae6070 .param/l "CLK_PERIOD" 1 3 6, +C4<00000000000000000000000000110010>;
v0000000004aff8d0_0 .var "CLK", 0 0;
v0000000004affd30_0 .var "DIGIT", 3 0;
v0000000004b00410_0 .var "ERROR", 0 0;
v0000000004aff970_0 .net "SEGMENT", 15 0, v0000000004aff830_0;  1 drivers
S_00000000001ebe40 .scope task, "check" "check" 3 76, 3 76 0, S_00000000001ebcb0;
 .timescale -9 -9;
v0000000004aff790_0 .var "digit", 3 0;
v0000000004b00550_0 .var "expected_segment", 15 0;
TD_display_tb.check ;
    %load/vec4 v0000000004aff790_0;
    %store/vec4 v0000000004affd30_0, 0, 4;
    %delay 50, 0;
    %load/vec4 v0000000004aff970_0;
    %load/vec4 v0000000004b00550_0;
    %cmp/e;
    %jmp/0xz  T_0.0, 4;
    %vpi_call/w 3 80 "$display", "Test for digit %d:           success", v0000000004aff790_0 {0 0 0};
    %jmp T_0.1;
T_0.0 ;
    %vpi_call/w 3 82 "$display", "Test for digit %d:           ERROR, expected %b, got %b", v0000000004aff790_0, v0000000004b00550_0, v0000000004aff970_0 {0 0 0};
    %pushi/vec4 1, 0, 1;
    %store/vec4 v0000000004b00410_0, 0, 1;
T_0.1 ;
    %end;
S_00000000001e6a20 .scope task, "check_invalid" "check_invalid" 3 87, 3 87 0, S_00000000001ebcb0;
 .timescale -9 -9;
v0000000004b00370_0 .var "val", 3 0;
TD_display_tb.check_invalid ;
    %load/vec4 v0000000004b00370_0;
    %store/vec4 v0000000004affd30_0, 0, 4;
    %delay 50, 0;
    %load/vec4 v0000000004aff970_0;
    %cmpi/e 180, 0, 16;
    %jmp/0xz  T_1.2, 4;
    %vpi_call/w 3 91 "$display", "Test for invalid digit %b: success", v0000000004b00370_0 {0 0 0};
    %jmp T_1.3;
T_1.2 ;
    %vpi_call/w 3 93 "$display", "Test for invalid digit %b: ERROR, expected %b, got %b", v0000000004b00370_0, 16'b0000000010110100, v0000000004aff970_0 {0 0 0};
    %pushi/vec4 1, 0, 1;
    %store/vec4 v0000000004b00410_0, 0, 1;
T_1.3 ;
    %end;
S_00000000001e6bb0 .scope module, "uut" "display" 3 24, 4 3 0, S_00000000001ebcb0;
 .timescale -9 -9;
    .port_info 0 /INPUT 4 "DIGIT";
    .port_info 1 /OUTPUT 16 "SEGMENT";
v0000000004afffb0_0 .net "DIGIT", 3 0, v0000000004affd30_0;  1 drivers
v0000000004aff830_0 .var "SEGMENT", 15 0;
E_0000000004ae60b0 .event anyedge, v0000000004afffb0_0;
    .scope S_00000000001e6bb0;
T_2 ;
Ewait_0 .event/or E_0000000004ae60b0, E_0x0;
    %wait Ewait_0;
    %load/vec4 v0000000004afffb0_0;
    %dup/vec4;
    %pushi/vec4 0, 0, 4;
    %cmp/u;
    %jmp/1 T_2.0, 6;
    %dup/vec4;
    %pushi/vec4 1, 0, 4;
    %cmp/u;
    %jmp/1 T_2.1, 6;
    %dup/vec4;
    %pushi/vec4 2, 0, 4;
    %cmp/u;
    %jmp/1 T_2.2, 6;
    %dup/vec4;
    %pushi/vec4 3, 0, 4;
    %cmp/u;
    %jmp/1 T_2.3, 6;
    %dup/vec4;
    %pushi/vec4 4, 0, 4;
    %cmp/u;
    %jmp/1 T_2.4, 6;
    %dup/vec4;
    %pushi/vec4 5, 0, 4;
    %cmp/u;
    %jmp/1 T_2.5, 6;
    %dup/vec4;
    %pushi/vec4 6, 0, 4;
    %cmp/u;
    %jmp/1 T_2.6, 6;
    %dup/vec4;
    %pushi/vec4 7, 0, 4;
    %cmp/u;
    %jmp/1 T_2.7, 6;
    %dup/vec4;
    %pushi/vec4 8, 0, 4;
    %cmp/u;
    %jmp/1 T_2.8, 6;
    %dup/vec4;
    %pushi/vec4 9, 0, 4;
    %cmp/u;
    %jmp/1 T_2.9, 6;
    %pushi/vec4 180, 0, 16;
    %store/vec4 v0000000004aff830_0, 0, 16;
    %jmp T_2.11;
T_2.0 ;
    %pushi/vec4 64560, 0, 16;
    %store/vec4 v0000000004aff830_0, 0, 16;
    %jmp T_2.11;
T_2.1 ;
    %pushi/vec4 24608, 0, 16;
    %store/vec4 v0000000004aff830_0, 0, 16;
    %jmp T_2.11;
T_2.2 ;
    %pushi/vec4 56064, 0, 16;
    %store/vec4 v0000000004aff830_0, 0, 16;
    %jmp T_2.11;
T_2.3 ;
    %pushi/vec4 62208, 0, 16;
    %store/vec4 v0000000004aff830_0, 0, 16;
    %jmp T_2.11;
T_2.4 ;
    %pushi/vec4 26368, 0, 16;
    %store/vec4 v0000000004aff830_0, 0, 16;
    %jmp T_2.11;
T_2.5 ;
    %pushi/vec4 46848, 0, 16;
    %store/vec4 v0000000004aff830_0, 0, 16;
    %jmp T_2.11;
T_2.6 ;
    %pushi/vec4 48896, 0, 16;
    %store/vec4 v0000000004aff830_0, 0, 16;
    %jmp T_2.11;
T_2.7 ;
    %pushi/vec4 57344, 0, 16;
    %store/vec4 v0000000004aff830_0, 0, 16;
    %jmp T_2.11;
T_2.8 ;
    %pushi/vec4 65280, 0, 16;
    %store/vec4 v0000000004aff830_0, 0, 16;
    %jmp T_2.11;
T_2.9 ;
    %pushi/vec4 63232, 0, 16;
    %store/vec4 v0000000004aff830_0, 0, 16;
    %jmp T_2.11;
T_2.11 ;
    %pop/vec4 1;
    %jmp T_2;
    .thread T_2, $push;
    .scope S_00000000001ebcb0;
T_3 ;
    %delay 25, 0;
    %load/vec4 v0000000004aff8d0_0;
    %inv;
    %store/vec4 v0000000004aff8d0_0, 0, 1;
    %jmp T_3;
    .thread T_3;
    .scope S_00000000001ebcb0;
T_4 ;
    %vpi_call/w 3 35 "$dumpfile", "display_tb.vcd" {0 0 0};
    %vpi_call/w 3 36 "$timeformat", 32'sb11111111111111111111111111110111, 32'sb00000000000000000000000000000000, " ns", 32'sb00000000000000000000000000001000 {0 0 0};
    %vpi_call/w 3 37 "$dumpvars" {0 0 0};
    %pushi/vec4 0, 0, 1;
    %store/vec4 v0000000004b00410_0, 0, 1;
    %pushi/vec4 0, 0, 1;
    %store/vec4 v0000000004aff8d0_0, 0, 1;
    %pushi/vec4 0, 0, 4;
    %store/vec4 v0000000004affd30_0, 0, 4;
    %vpi_call/w 3 46 "$display", "************* STARTING SIMULATION *************" {0 0 0};
    %delay 50, 0;
    %pushi/vec4 0, 0, 4;
    %store/vec4 v0000000004aff790_0, 0, 4;
    %pushi/vec4 64560, 0, 16;
    %store/vec4 v0000000004b00550_0, 0, 16;
    %fork TD_display_tb.check, S_00000000001ebe40;
    %join;
    %pushi/vec4 1, 0, 4;
    %store/vec4 v0000000004aff790_0, 0, 4;
    %pushi/vec4 24608, 0, 16;
    %store/vec4 v0000000004b00550_0, 0, 16;
    %fork TD_display_tb.check, S_00000000001ebe40;
    %join;
    %pushi/vec4 8, 0, 4;
    %store/vec4 v0000000004aff790_0, 0, 4;
    %pushi/vec4 65280, 0, 16;
    %store/vec4 v0000000004b00550_0, 0, 16;
    %fork TD_display_tb.check, S_00000000001ebe40;
    %join;
    %pushi/vec4 10, 0, 4;
    %store/vec4 v0000000004b00370_0, 0, 4;
    %fork TD_display_tb.check_invalid, S_00000000001e6a20;
    %join;
    %delay 50, 0;
    %vpi_call/w 3 56 "$display", "************* SIMULATION COMPLETE *************" {0 0 0};
    %load/vec4 v0000000004b00410_0;
    %pad/u 32;
    %cmpi/e 0, 0, 32;
    %jmp/0xz  T_4.0, 4;
    %vpi_call/w 3 59 "$display", "All tests succeeded" {0 0 0};
    %jmp T_4.1;
T_4.0 ;
    %vpi_call/w 3 61 "$display", "THERE WERE ERRORS" {0 0 0};
T_4.1 ;
    %vpi_call/w 3 64 "$finish" {0 0 0};
    %end;
    .thread T_4;
    .scope S_00000000001ebcb0;
T_5 ;
    %delay 5000000, 0;
    %vpi_call/w 3 69 "$display", "************* SIMULATION KILLED BECAUSE OF ERROR *************" {0 0 0};
    %vpi_call/w 3 70 "$finish" {0 0 0};
    %end;
    .thread T_5;
# The file index is used to find the file name in the following table.
:file_names 5;
    "N/A";
    "<interactive>";
    "-";
    "display_tb.sv";
    "display.sv";
