#! 
:ivl_version "13.0 (devel)" "(s20221226-345-gc9548f033)";
:ivl_delay_selection "TYPICAL";
:vpi_time_precision - 9;
:vpi_module "C:\Users\H\DOWNLO~1\OSS-CA~1\lib\ivl\system.vpi";
:vpi_module "C:\Users\H\DOWNLO~1\OSS-CA~1\lib\ivl\vhdl_sys.vpi";
:vpi_module "C:\Users\H\DOWNLO~1\OSS-CA~1\lib\ivl\vhdl_textio.vpi";
:vpi_module "C:\Users\H\DOWNLO~1\OSS-CA~1\lib\ivl\v2005_math.vpi";
:vpi_module "C:\Users\H\DOWNLO~1\OSS-CA~1\lib\ivl\va_math.vpi";
:vpi_module "C:\Users\H\DOWNLO~1\OSS-CA~1\lib\ivl\v2009.vpi";
S_0000000004a6bd10 .scope package, "$unit" "$unit" 2 1;
 .timescale 0 0;
S_0000000004a76fd0 .scope module, "multiplier_tb" "multiplier_tb" 3 3;
 .timescale -9 -9;
v0000000004adedc0_0 .var "ERROR", 0 0;
v0000000004ade280_0 .var "EXPECTED_PRODUCT", 7 0;
v0000000004add920_0 .var "a", 3 0;
v0000000004addce0_0 .var "b", 3 0;
v0000000004add560_0 .net "product", 7 0, v0000000004addc40_0;  1 drivers
S_0000000004a77160 .scope begin, "$ivl_for_loop0" "$ivl_for_loop0" 3 36, 3 36 0, S_0000000004a76fd0;
 .timescale -9 -9;
v0000000004a6a680_0 .var/2s "i", 31 0;
S_0000000004a772f0 .scope begin, "$ivl_for_loop1" "$ivl_for_loop1" 3 37, 3 37 0, S_0000000004a77160;
 .timescale -9 -9;
v0000000004a6b120_0 .var/2s "j", 31 0;
S_0000000004a75570 .scope module, "uut" "multiplier" 3 19, 4 9 0, S_0000000004a76fd0;
 .timescale -9 -9;
    .port_info 0 /INPUT 4 "a";
    .port_info 1 /INPUT 4 "b";
    .port_info 2 /OUTPUT 8 "product";
L_0000000004adf2b0 .functor BUFT 1, C4<00000000000000000000000000000001>, C4<0>, C4<0>, C4<0>;
v0000000004addba0_0 .net/2s *"_ivl_12", 31 0, L_0000000004adf2b0;  1 drivers
L_0000000004adf028 .functor BUFT 1, C4<0000>, C4<0>, C4<0>, C4<0>;
v0000000004add4c0_0 .net *"_ivl_3", 3 0, L_0000000004adf028;  1 drivers
L_0000000004adf070 .functor BUFT 1, C4<0000>, C4<0>, C4<0>, C4<0>;
v0000000004add060_0 .net *"_ivl_8", 3 0, L_0000000004adf070;  1 drivers
v0000000004ade3c0_0 .net "a", 3 0, v0000000004add920_0;  1 drivers
v0000000004aded20_0 .net "b", 3 0, v0000000004addce0_0;  1 drivers
v0000000004addc40_0 .var "product", 7 0;
v0000000004add420_0 .net "temp1", 7 0, L_0000000004add100;  1 drivers
v0000000004add740_0 .net "temp2", 7 0, v0000000004a6b440_0;  1 drivers
E_0000000004a6e7c0 .event anyedge, v0000000004ade3c0_0, v0000000004aded20_0, v0000000004a6b440_0;
L_0000000004adee60 .concat [ 4 4 0 0], v0000000004add920_0, L_0000000004adf028;
L_0000000004ade460 .concat [ 4 4 0 0], v0000000004addce0_0, L_0000000004adf070;
L_0000000004add7e0 .part L_0000000004add100, 0, 4;
L_0000000004addf60 .part L_0000000004adf2b0, 0, 2;
S_0000000004a75700 .scope module, "add" "adder" 4 16, 4 3 0, S_0000000004a75570;
 .timescale -9 -9;
    .port_info 0 /INPUT 8 "a";
    .port_info 1 /INPUT 8 "b";
    .port_info 2 /OUTPUT 8 "sum";
v0000000004a6ad60_0 .net "a", 7 0, L_0000000004adee60;  1 drivers
v0000000004a6a540_0 .net "b", 7 0, L_0000000004ade460;  1 drivers
v0000000004a6a5e0_0 .net "sum", 7 0, L_0000000004add100;  alias, 1 drivers
L_0000000004add100 .arith/sum 8, L_0000000004adee60, L_0000000004ade460;
S_0000000004a75890 .scope module, "shift" "shifter" 4 22, 5 3 0, S_0000000004a75570;
 .timescale -9 -9;
    .port_info 0 /INPUT 4 "in";
    .port_info 1 /INPUT 2 "s";
    .port_info 2 /OUTPUT 8 "out";
v0000000004a6a860_0 .net *"_ivl_0", 3 0, L_0000000004add1a0;  1 drivers
L_0000000004adf148 .functor BUFT 1, C4<000>, C4<0>, C4<0>, C4<0>;
v0000000004a6a900_0 .net *"_ivl_14", 2 0, L_0000000004adf148;  1 drivers
L_0000000004adf190 .functor BUFT 1, C4<00>, C4<0>, C4<0>, C4<0>;
v0000000004a6aa40_0 .net/2u *"_ivl_16", 1 0, L_0000000004adf190;  1 drivers
v0000000004a6aae0_0 .net *"_ivl_18", 5 0, L_0000000004add240;  1 drivers
L_0000000004adf1d8 .functor BUFT 1, C4<00>, C4<0>, C4<0>, C4<0>;
v0000000004a6ab80_0 .net *"_ivl_23", 1 0, L_0000000004adf1d8;  1 drivers
L_0000000004adf220 .functor BUFT 1, C4<000>, C4<0>, C4<0>, C4<0>;
v0000000004a6acc0_0 .net/2u *"_ivl_25", 2 0, L_0000000004adf220;  1 drivers
v0000000004ade780_0 .net *"_ivl_27", 6 0, L_0000000004add2e0;  1 drivers
L_0000000004adf268 .functor BUFT 1, C4<0>, C4<0>, C4<0>, C4<0>;
v0000000004addb00_0 .net *"_ivl_32", 0 0, L_0000000004adf268;  1 drivers
L_0000000004adf0b8 .functor BUFT 1, C4<0000>, C4<0>, C4<0>, C4<0>;
v0000000004ade8c0_0 .net *"_ivl_5", 3 0, L_0000000004adf0b8;  1 drivers
L_0000000004adf100 .functor BUFT 1, C4<0>, C4<0>, C4<0>, C4<0>;
v0000000004ade000_0 .net/2u *"_ivl_7", 0 0, L_0000000004adf100;  1 drivers
v0000000004add380_0 .net *"_ivl_9", 4 0, L_0000000004adef00;  1 drivers
v0000000004ade0a0_0 .net "in", 3 0, L_0000000004add7e0;  1 drivers
v0000000004adda60_0 .net "out", 7 0, v0000000004a6b440_0;  alias, 1 drivers
v0000000004adec80_0 .net "s", 1 0, L_0000000004addf60;  1 drivers
L_0000000004add1a0 .concat [ 4 0 0 0], L_0000000004add7e0;
L_0000000004add600 .concat [ 4 4 0 0], L_0000000004add1a0, L_0000000004adf0b8;
L_0000000004adef00 .concat [ 1 4 0 0], L_0000000004adf100, L_0000000004add7e0;
L_0000000004addd80 .concat [ 5 3 0 0], L_0000000004adef00, L_0000000004adf148;
L_0000000004add240 .concat [ 2 4 0 0], L_0000000004adf190, L_0000000004add7e0;
L_0000000004ade640 .concat [ 6 2 0 0], L_0000000004add240, L_0000000004adf1d8;
L_0000000004add2e0 .concat [ 3 4 0 0], L_0000000004adf220, L_0000000004add7e0;
L_0000000004adde20 .concat [ 7 1 0 0], L_0000000004add2e0, L_0000000004adf268;
S_0000000004a7b8f0 .scope module, "mux2" "multiplexer2bit" 5 12, 6 24 0, S_0000000004a75890;
 .timescale -9 -9;
    .port_info 0 /INPUT 8 "m0";
    .port_info 1 /INPUT 8 "m1";
    .port_info 2 /INPUT 8 "m2";
    .port_info 3 /INPUT 8 "m3";
    .port_info 4 /INPUT 2 "s";
    .port_info 5 /OUTPUT 8 "out";
v0000000004a6b260_0 .net "m0", 7 0, L_0000000004add600;  1 drivers
v0000000004a6a9a0_0 .net "m1", 7 0, L_0000000004addd80;  1 drivers
v0000000004a6b3a0_0 .net "m2", 7 0, L_0000000004ade640;  1 drivers
v0000000004a6a720_0 .net "m3", 7 0, L_0000000004adde20;  1 drivers
v0000000004a6b440_0 .var "out", 7 0;
v0000000004a6a7c0_0 .net "s", 1 0, L_0000000004addf60;  alias, 1 drivers
E_0000000004a6e440/0 .event anyedge, v0000000004a6a7c0_0, v0000000004a6b260_0, v0000000004a6a9a0_0, v0000000004a6b3a0_0;
E_0000000004a6e440/1 .event anyedge, v0000000004a6a720_0;
E_0000000004a6e440 .event/or E_0000000004a6e440/0, E_0000000004a6e440/1;
    .scope S_0000000004a7b8f0;
T_0 ;
    %wait E_0000000004a6e440;
    %load/vec4 v0000000004a6a7c0_0;
    %cmpi/e 0, 0, 2;
    %jmp/0xz  T_0.0, 4;
    %load/vec4 v0000000004a6b260_0;
    %store/vec4 v0000000004a6b440_0, 0, 8;
    %jmp T_0.1;
T_0.0 ;
    %load/vec4 v0000000004a6a7c0_0;
    %cmpi/e 1, 0, 2;
    %jmp/0xz  T_0.2, 4;
    %load/vec4 v0000000004a6a9a0_0;
    %store/vec4 v0000000004a6b440_0, 0, 8;
    %jmp T_0.3;
T_0.2 ;
    %load/vec4 v0000000004a6a7c0_0;
    %cmpi/e 2, 0, 2;
    %jmp/0xz  T_0.4, 4;
    %load/vec4 v0000000004a6b3a0_0;
    %store/vec4 v0000000004a6b440_0, 0, 8;
    %jmp T_0.5;
T_0.4 ;
    %load/vec4 v0000000004a6a720_0;
    %store/vec4 v0000000004a6b440_0, 0, 8;
T_0.5 ;
T_0.3 ;
T_0.1 ;
    %jmp T_0;
    .thread T_0, $push;
    .scope S_0000000004a75570;
T_1 ;
    %wait E_0000000004a6e7c0;
    %load/vec4 v0000000004ade3c0_0;
    %cmpi/e 0, 0, 4;
    %jmp/1 T_1.2, 4;
    %flag_mov 8, 4;
    %load/vec4 v0000000004aded20_0;
    %cmpi/e 0, 0, 4;
    %flag_or 4, 8;
T_1.2;
    %jmp/0xz  T_1.0, 4;
    %pushi/vec4 0, 0, 8;
    %store/vec4 v0000000004addc40_0, 0, 8;
    %jmp T_1.1;
T_1.0 ;
    %load/vec4 v0000000004add740_0;
    %store/vec4 v0000000004addc40_0, 0, 8;
T_1.1 ;
    %jmp T_1;
    .thread T_1, $push;
    .scope S_0000000004a76fd0;
T_2 ;
    %vpi_call/w 3 26 "$dumpfile", "multiplier_tb.vcd" {0 0 0};
    %vpi_call/w 3 27 "$timeformat", 32'sb11111111111111111111111111110111, 32'sb00000000000000000000000000000000, " ns", 32'sb00000000000000000000000000001000 {0 0 0};
    %vpi_call/w 3 28 "$dumpvars" {0 0 0};
    %pushi/vec4 0, 0, 1;
    %store/vec4 v0000000004adedc0_0, 0, 1;
    %vpi_call/w 3 33 "$display", "************* STARTING SIMULATION *************" {0 0 0};
    %fork t_1, S_0000000004a77160;
    %jmp t_0;
    .scope S_0000000004a77160;
t_1 ;
    %pushi/vec4 0, 0, 32;
    %store/vec4 v0000000004a6a680_0, 0, 32;
T_2.0 ; Top of for-loop 
    %load/vec4 v0000000004a6a680_0;
    %cmpi/s 16, 0, 32;
    %jmp/0xz T_2.1, 5;
    %fork t_3, S_0000000004a772f0;
    %jmp t_2;
    .scope S_0000000004a772f0;
t_3 ;
    %pushi/vec4 0, 0, 32;
    %store/vec4 v0000000004a6b120_0, 0, 32;
T_2.3 ; Top of for-loop 
    %load/vec4 v0000000004a6b120_0;
    %cmpi/s 16, 0, 32;
    %jmp/0xz T_2.4, 5;
    %load/vec4 v0000000004a6a680_0;
    %pad/s 4;
    %store/vec4 v0000000004add920_0, 0, 4;
    %load/vec4 v0000000004a6b120_0;
    %pad/s 4;
    %store/vec4 v0000000004addce0_0, 0, 4;
    %load/vec4 v0000000004a6a680_0;
    %load/vec4 v0000000004a6b120_0;
    %mul;
    %pad/s 8;
    %store/vec4 v0000000004ade280_0, 0, 8;
    %delay 1, 0;
    %load/vec4 v0000000004add560_0;
    %load/vec4 v0000000004ade280_0;
    %cmp/ne;
    %jmp/0xz  T_2.6, 6;
    %vpi_call/w 3 43 "$display", "Test for a %b and b %b: Expected product %b, but was %b", v0000000004add920_0, v0000000004addce0_0, v0000000004ade280_0, v0000000004add560_0 {0 0 0};
    %pushi/vec4 1, 0, 1;
    %store/vec4 v0000000004adedc0_0, 0, 1;
T_2.6 ;
T_2.5 ; for-loop step statement
    ; show_stmt_assign_vector: Get l-value for compressed += operand
    %load/vec4 v0000000004a6b120_0;
    %pushi/vec4 1, 0, 32;
    %add;
    %cast2;
    %store/vec4 v0000000004a6b120_0, 0, 32;
    %jmp T_2.3;
T_2.4 ; for-loop exit label
    %end;
    .scope S_0000000004a77160;
t_2 %join;
T_2.2 ; for-loop step statement
    ; show_stmt_assign_vector: Get l-value for compressed += operand
    %load/vec4 v0000000004a6a680_0;
    %pushi/vec4 1, 0, 32;
    %add;
    %cast2;
    %store/vec4 v0000000004a6a680_0, 0, 32;
    %jmp T_2.0;
T_2.1 ; for-loop exit label
    %end;
    .scope S_0000000004a76fd0;
t_0 %join;
    %vpi_call/w 3 49 "$display", "************* SIMULATION COMPLETE *************" {0 0 0};
    %load/vec4 v0000000004adedc0_0;
    %pad/u 32;
    %cmpi/e 0, 0, 32;
    %jmp/0xz  T_2.8, 4;
    %vpi_call/w 3 51 "$display", "All tests succeeded" {0 0 0};
    %jmp T_2.9;
T_2.8 ;
    %vpi_call/w 3 53 "$display", "THERE WERE ERRORS" {0 0 0};
T_2.9 ;
    %vpi_call/w 3 55 "$finish" {0 0 0};
    %end;
    .thread T_2;
# The file index is used to find the file name in the following table.
:file_names 7;
    "N/A";
    "<interactive>";
    "-";
    "multiplier_tb.sv";
    "multiplier.sv";
    "shifter.sv";
    "multiplexer.sv";
