#! 
:ivl_version "13.0 (devel)" "(s20221226-345-gc9548f033)";
:ivl_delay_selection "TYPICAL";
:vpi_time_precision - 9;
:vpi_module "C:\Users\H\DOWNLO~1\OSS-CA~1\lib\ivl\system.vpi";
:vpi_module "C:\Users\H\DOWNLO~1\OSS-CA~1\lib\ivl\vhdl_sys.vpi";
:vpi_module "C:\Users\H\DOWNLO~1\OSS-CA~1\lib\ivl\vhdl_textio.vpi";
:vpi_module "C:\Users\H\DOWNLO~1\OSS-CA~1\lib\ivl\v2005_math.vpi";
:vpi_module "C:\Users\H\DOWNLO~1\OSS-CA~1\lib\ivl\va_math.vpi";
:vpi_module "C:\Users\H\DOWNLO~1\OSS-CA~1\lib\ivl\v2009.vpi";
S_0000000004b8eab0 .scope package, "$unit" "$unit" 2 1;
 .timescale 0 0;
S_000000000436b230 .scope module, "multiplexer_tb" "multiplexer_tb" 3 3;
 .timescale -9 -9;
v0000000004c17270_0 .var "ERROR1", 0 0;
v0000000004c17130_0 .var "ERROR2", 0 0;
v0000000004c16190_0 .var "m0", 7 0;
v0000000004c16730_0 .var "m1", 7 0;
v0000000004c16370_0 .var "n0", 7 0;
v0000000004c176d0_0 .var "n1", 7 0;
v0000000004c173b0_0 .var "n2", 7 0;
v0000000004c17770_0 .var "n3", 7 0;
v0000000004c17950_0 .var "s", 0 0;
v0000000004c16690_0 .var "t", 1 0;
v0000000004c17b30_0 .net "x", 7 0, v0000000004bb1700_0;  1 drivers
v0000000004c16230_0 .net "y", 7 0, v0000000004c178b0_0;  1 drivers
S_0000000004b943a0 .scope begin, "$ivl_for_loop0" "$ivl_for_loop0" 3 45, 3 45 0, S_000000000436b230;
 .timescale -9 -9;
v0000000004bb1ca0_0 .var/2s "i", 31 0;
S_0000000004b91830 .scope begin, "$ivl_for_loop1" "$ivl_for_loop1" 3 46, 3 46 0, S_0000000004b943a0;
 .timescale -9 -9;
v0000000004bb1980_0 .var/2s "j", 31 0;
S_0000000004b919c0 .scope begin, "$ivl_for_loop2" "$ivl_for_loop2" 3 47, 3 47 0, S_0000000004b91830;
 .timescale -9 -9;
v0000000004bb1de0_0 .var/2s "k", 31 0;
S_0000000004b96260 .scope begin, "$ivl_for_loop3" "$ivl_for_loop3" 3 98, 3 98 0, S_000000000436b230;
 .timescale -9 -9;
v0000000004bb1d40_0 .var/2s "i", 31 0;
S_0000000004b963f0 .scope begin, "$ivl_for_loop4" "$ivl_for_loop4" 3 99, 3 99 0, S_0000000004b96260;
 .timescale -9 -9;
v0000000004bb1520_0 .var/2s "j", 31 0;
S_0000000004b96580 .scope begin, "$ivl_for_loop5" "$ivl_for_loop5" 3 100, 3 100 0, S_0000000004b963f0;
 .timescale -9 -9;
v0000000004bb10c0_0 .var/2s "k", 31 0;
S_0000000004366a30 .scope begin, "$ivl_for_loop6" "$ivl_for_loop6" 3 101, 3 101 0, S_0000000004b96580;
 .timescale -9 -9;
v0000000004bb15c0_0 .var/2s "l", 31 0;
S_0000000004366bc0 .scope begin, "$ivl_for_loop7" "$ivl_for_loop7" 3 102, 3 102 0, S_0000000004366a30;
 .timescale -9 -9;
v0000000004bb17a0_0 .var/2s "m", 31 0;
S_0000000004366d50 .scope module, "uut1" "multiplexer1bit" 3 20, 4 3 0, S_000000000436b230;
 .timescale -9 -9;
    .port_info 0 /INPUT 8 "m0";
    .port_info 1 /INPUT 8 "m1";
    .port_info 2 /INPUT 1 "s";
    .port_info 3 /OUTPUT 8 "out";
v0000000004bb13e0_0 .net "m0", 7 0, v0000000004c16190_0;  1 drivers
v0000000004bb1660_0 .net "m1", 7 0, v0000000004c16730_0;  1 drivers
v0000000004bb1700_0 .var "out", 7 0;
v0000000004c16050_0 .net "s", 0 0, v0000000004c17950_0;  1 drivers
E_0000000004bbd550 .event anyedge, v0000000004c16050_0, v0000000004bb1660_0, v0000000004bb13e0_0;
S_0000000004c17e30 .scope module, "uut2" "multiplexer2bit" 3 25, 4 21 0, S_000000000436b230;
 .timescale -9 -9;
    .port_info 0 /INPUT 8 "m0";
    .port_info 1 /INPUT 8 "m1";
    .port_info 2 /INPUT 8 "m2";
    .port_info 3 /INPUT 8 "m3";
    .port_info 4 /INPUT 2 "s";
    .port_info 5 /OUTPUT 8 "out";
v0000000004c16870_0 .net "m0", 7 0, v0000000004c16370_0;  1 drivers
v0000000004c17090_0 .net "m1", 7 0, v0000000004c176d0_0;  1 drivers
v0000000004c171d0_0 .net "m2", 7 0, v0000000004c173b0_0;  1 drivers
v0000000004c16a50_0 .net "m3", 7 0, v0000000004c17770_0;  1 drivers
v0000000004c178b0_0 .var "out", 7 0;
v0000000004c164b0_0 .net "s", 1 0, v0000000004c16690_0;  1 drivers
E_0000000004bbd3d0/0 .event anyedge, v0000000004c164b0_0, v0000000004c16870_0, v0000000004c17090_0, v0000000004c171d0_0;
E_0000000004bbd3d0/1 .event anyedge, v0000000004c16a50_0;
E_0000000004bbd3d0 .event/or E_0000000004bbd3d0/0, E_0000000004bbd3d0/1;
    .scope S_0000000004366d50;
T_0 ;
    %wait E_0000000004bbd550;
    %load/vec4 v0000000004c16050_0;
    %flag_set/vec4 8;
    %jmp/0xz  T_0.0, 8;
    %load/vec4 v0000000004bb1660_0;
    %store/vec4 v0000000004bb1700_0, 0, 8;
    %jmp T_0.1;
T_0.0 ;
    %load/vec4 v0000000004bb13e0_0;
    %store/vec4 v0000000004bb1700_0, 0, 8;
T_0.1 ;
    %jmp T_0;
    .thread T_0, $push;
    .scope S_0000000004c17e30;
T_1 ;
    %wait E_0000000004bbd3d0;
    %load/vec4 v0000000004c164b0_0;
    %cmpi/e 0, 0, 2;
    %jmp/0xz  T_1.0, 4;
    %load/vec4 v0000000004c16870_0;
    %store/vec4 v0000000004c178b0_0, 0, 8;
    %jmp T_1.1;
T_1.0 ;
    %load/vec4 v0000000004c164b0_0;
    %cmpi/e 1, 0, 2;
    %jmp/0xz  T_1.2, 4;
    %load/vec4 v0000000004c17090_0;
    %store/vec4 v0000000004c178b0_0, 0, 8;
    %jmp T_1.3;
T_1.2 ;
    %load/vec4 v0000000004c164b0_0;
    %cmpi/e 2, 0, 2;
    %jmp/0xz  T_1.4, 4;
    %load/vec4 v0000000004c171d0_0;
    %store/vec4 v0000000004c178b0_0, 0, 8;
    %jmp T_1.5;
T_1.4 ;
    %load/vec4 v0000000004c16a50_0;
    %store/vec4 v0000000004c178b0_0, 0, 8;
T_1.5 ;
T_1.3 ;
T_1.1 ;
    %jmp T_1;
    .thread T_1, $push;
    .scope S_000000000436b230;
T_2 ;
    %vpi_call/w 3 35 "$dumpfile", "multiplexer_tb.vcd" {0 0 0};
    %vpi_call/w 3 36 "$timeformat", 32'sb11111111111111111111111111110111, 32'sb00000000000000000000000000000000, " ns", 32'sb00000000000000000000000000001000 {0 0 0};
    %vpi_call/w 3 37 "$dumpvars" {0 0 0};
    %pushi/vec4 0, 0, 1;
    %store/vec4 v0000000004c17270_0, 0, 1;
    %vpi_call/w 3 42 "$display", "************* STARTING SIMULATION FOR multiplexer1bit  *************" {0 0 0};
    %fork t_1, S_0000000004b943a0;
    %jmp t_0;
    .scope S_0000000004b943a0;
t_1 ;
    %pushi/vec4 0, 0, 32;
    %store/vec4 v0000000004bb1ca0_0, 0, 32;
T_2.0 ; Top of for-loop 
    %load/vec4 v0000000004bb1ca0_0;
    %cmpi/s 64, 0, 32;
    %jmp/0xz T_2.1, 5;
    %fork t_3, S_0000000004b91830;
    %jmp t_2;
    .scope S_0000000004b91830;
t_3 ;
    %pushi/vec4 0, 0, 32;
    %store/vec4 v0000000004bb1980_0, 0, 32;
T_2.3 ; Top of for-loop 
    %load/vec4 v0000000004bb1980_0;
    %cmpi/s 64, 0, 32;
    %jmp/0xz T_2.4, 5;
    %fork t_5, S_0000000004b919c0;
    %jmp t_4;
    .scope S_0000000004b919c0;
t_5 ;
    %pushi/vec4 0, 0, 32;
    %store/vec4 v0000000004bb1de0_0, 0, 32;
T_2.6 ; Top of for-loop 
    %load/vec4 v0000000004bb1de0_0;
    %cmpi/s 2, 0, 32;
    %jmp/0xz T_2.7, 5;
    %load/vec4 v0000000004bb1ca0_0;
    %pad/s 8;
    %store/vec4 v0000000004c16190_0, 0, 8;
    %load/vec4 v0000000004bb1980_0;
    %pad/s 8;
    %store/vec4 v0000000004c16730_0, 0, 8;
    %load/vec4 v0000000004bb1de0_0;
    %pad/s 1;
    %store/vec4 v0000000004c17950_0, 0, 1;
    %delay 1, 0;
    %load/vec4 v0000000004c17950_0;
    %dup/vec4;
    %pushi/vec4 0, 0, 1;
    %cmp/u;
    %jmp/1 T_2.9, 6;
    %dup/vec4;
    %pushi/vec4 1, 0, 1;
    %cmp/u;
    %jmp/1 T_2.10, 6;
    %jmp T_2.11;
T_2.9 ;
    %load/vec4 v0000000004c17b30_0;
    %pad/u 32;
    %load/vec4 v0000000004bb1ca0_0;
    %cmp/ne;
    %jmp/0xz  T_2.12, 6;
    %vpi_call/w 3 54 "$display", "Test for s %b, m0 %b and m1 %b: Expected out %b, but was %b", v0000000004c17950_0, v0000000004c16190_0, v0000000004c16730_0, v0000000004c16190_0, v0000000004c17b30_0 {0 0 0};
    %pushi/vec4 1, 0, 1;
    %store/vec4 v0000000004c17270_0, 0, 1;
T_2.12 ;
    %jmp T_2.11;
T_2.10 ;
    %load/vec4 v0000000004c17b30_0;
    %pad/u 32;
    %load/vec4 v0000000004bb1980_0;
    %cmp/ne;
    %jmp/0xz  T_2.14, 6;
    %vpi_call/w 3 58 "$display", "Test for s %b, m0 %b and m1 %b: Expected out %b, but was %b", v0000000004c17950_0, v0000000004c16190_0, v0000000004c16730_0, v0000000004c16730_0, v0000000004c17b30_0 {0 0 0};
    %pushi/vec4 1, 0, 1;
    %store/vec4 v0000000004c17270_0, 0, 1;
T_2.14 ;
    %jmp T_2.11;
T_2.11 ;
    %pop/vec4 1;
T_2.8 ; for-loop step statement
    ; show_stmt_assign_vector: Get l-value for compressed += operand
    %load/vec4 v0000000004bb1de0_0;
    %pushi/vec4 1, 0, 32;
    %add;
    %cast2;
    %store/vec4 v0000000004bb1de0_0, 0, 32;
    %jmp T_2.6;
T_2.7 ; for-loop exit label
    %end;
    .scope S_0000000004b91830;
t_4 %join;
T_2.5 ; for-loop step statement
    ; show_stmt_assign_vector: Get l-value for compressed += operand
    %load/vec4 v0000000004bb1980_0;
    %pushi/vec4 1, 0, 32;
    %add;
    %cast2;
    %store/vec4 v0000000004bb1980_0, 0, 32;
    %jmp T_2.3;
T_2.4 ; for-loop exit label
    %end;
    .scope S_0000000004b943a0;
t_2 %join;
T_2.2 ; for-loop step statement
    ; show_stmt_assign_vector: Get l-value for compressed += operand
    %load/vec4 v0000000004bb1ca0_0;
    %pushi/vec4 1, 0, 32;
    %add;
    %cast2;
    %store/vec4 v0000000004bb1ca0_0, 0, 32;
    %jmp T_2.0;
T_2.1 ; for-loop exit label
    %end;
    .scope S_000000000436b230;
t_0 %join;
    %pushi/vec4 255, 0, 8;
    %store/vec4 v0000000004c16190_0, 0, 8;
    %pushi/vec4 255, 0, 8;
    %store/vec4 v0000000004c16730_0, 0, 8;
    %pushi/vec4 1, 0, 1;
    %store/vec4 v0000000004c17950_0, 0, 1;
    %delay 1, 0;
    %load/vec4 v0000000004c17b30_0;
    %load/vec4 v0000000004c16730_0;
    %cmp/ne;
    %jmp/0xz  T_2.16, 6;
    %vpi_call/w 3 71 "$display", "Test for s %b, m0 %b and m1 %b: Expected out %b, but was %b", v0000000004c17950_0, v0000000004c16190_0, v0000000004c16730_0, v0000000004c16730_0, v0000000004c17b30_0 {0 0 0};
    %pushi/vec4 1, 0, 1;
    %store/vec4 v0000000004c17270_0, 0, 1;
T_2.16 ;
    %pushi/vec4 255, 0, 8;
    %store/vec4 v0000000004c16190_0, 0, 8;
    %pushi/vec4 255, 0, 8;
    %store/vec4 v0000000004c16730_0, 0, 8;
    %pushi/vec4 0, 0, 1;
    %store/vec4 v0000000004c17950_0, 0, 1;
    %delay 1, 0;
    %load/vec4 v0000000004c17b30_0;
    %load/vec4 v0000000004c16190_0;
    %cmp/ne;
    %jmp/0xz  T_2.18, 6;
    %vpi_call/w 3 79 "$display", "Test for s %b, m0 %b and m1 %b: Expected out %b, but was %b", v0000000004c17950_0, v0000000004c16190_0, v0000000004c16730_0, v0000000004c16190_0, v0000000004c17b30_0 {0 0 0};
    %pushi/vec4 1, 0, 1;
    %store/vec4 v0000000004c17270_0, 0, 1;
T_2.18 ;
    %vpi_call/w 3 83 "$display", "************* SIMULATION COMPLETE FOR multiplexer1bit *************" {0 0 0};
    %load/vec4 v0000000004c17270_0;
    %pad/u 32;
    %cmpi/e 0, 0, 32;
    %jmp/0xz  T_2.20, 4;
    %vpi_call/w 3 85 "$display", "All tests succeeded" {0 0 0};
    %jmp T_2.21;
T_2.20 ;
    %vpi_call/w 3 87 "$display", "THERE WERE ERRORS" {0 0 0};
    %vpi_call/w 3 88 "$display", "Please fix errors before proceeding with multiplexer2bit" {0 0 0};
    %vpi_call/w 3 89 "$finish" {0 0 0};
T_2.21 ;
    %pushi/vec4 0, 0, 1;
    %store/vec4 v0000000004c17130_0, 0, 1;
    %vpi_call/w 3 95 "$display", "************* STARTING SIMULATION FOR multiplexer2bit  *************" {0 0 0};
    %fork t_7, S_0000000004b96260;
    %jmp t_6;
    .scope S_0000000004b96260;
t_7 ;
    %pushi/vec4 0, 0, 32;
    %store/vec4 v0000000004bb1d40_0, 0, 32;
T_2.22 ; Top of for-loop 
    %load/vec4 v0000000004bb1d40_0;
    %cmpi/s 4, 0, 32;
    %jmp/0xz T_2.23, 5;
    %fork t_9, S_0000000004b963f0;
    %jmp t_8;
    .scope S_0000000004b963f0;
t_9 ;
    %pushi/vec4 0, 0, 32;
    %store/vec4 v0000000004bb1520_0, 0, 32;
T_2.25 ; Top of for-loop 
    %load/vec4 v0000000004bb1520_0;
    %cmpi/s 4, 0, 32;
    %jmp/0xz T_2.26, 5;
    %fork t_11, S_0000000004b96580;
    %jmp t_10;
    .scope S_0000000004b96580;
t_11 ;
    %pushi/vec4 0, 0, 32;
    %store/vec4 v0000000004bb10c0_0, 0, 32;
T_2.28 ; Top of for-loop 
    %load/vec4 v0000000004bb10c0_0;
    %cmpi/s 4, 0, 32;
    %jmp/0xz T_2.29, 5;
    %fork t_13, S_0000000004366a30;
    %jmp t_12;
    .scope S_0000000004366a30;
t_13 ;
    %pushi/vec4 0, 0, 32;
    %store/vec4 v0000000004bb15c0_0, 0, 32;
T_2.31 ; Top of for-loop 
    %load/vec4 v0000000004bb15c0_0;
    %cmpi/s 4, 0, 32;
    %jmp/0xz T_2.32, 5;
    %fork t_15, S_0000000004366bc0;
    %jmp t_14;
    .scope S_0000000004366bc0;
t_15 ;
    %pushi/vec4 0, 0, 32;
    %store/vec4 v0000000004bb17a0_0, 0, 32;
T_2.34 ; Top of for-loop 
    %load/vec4 v0000000004bb17a0_0;
    %cmpi/s 4, 0, 32;
    %jmp/0xz T_2.35, 5;
    %load/vec4 v0000000004bb1d40_0;
    %pad/s 8;
    %store/vec4 v0000000004c16370_0, 0, 8;
    %load/vec4 v0000000004bb1520_0;
    %pad/s 8;
    %store/vec4 v0000000004c176d0_0, 0, 8;
    %load/vec4 v0000000004bb10c0_0;
    %pad/s 8;
    %store/vec4 v0000000004c173b0_0, 0, 8;
    %load/vec4 v0000000004bb15c0_0;
    %pad/s 8;
    %store/vec4 v0000000004c17770_0, 0, 8;
    %load/vec4 v0000000004bb17a0_0;
    %pad/s 2;
    %store/vec4 v0000000004c16690_0, 0, 2;
    %delay 1, 0;
    %load/vec4 v0000000004c16690_0;
    %dup/vec4;
    %pushi/vec4 0, 0, 2;
    %cmp/u;
    %jmp/1 T_2.37, 6;
    %dup/vec4;
    %pushi/vec4 1, 0, 2;
    %cmp/u;
    %jmp/1 T_2.38, 6;
    %dup/vec4;
    %pushi/vec4 2, 0, 2;
    %cmp/u;
    %jmp/1 T_2.39, 6;
    %dup/vec4;
    %pushi/vec4 3, 0, 2;
    %cmp/u;
    %jmp/1 T_2.40, 6;
    %jmp T_2.41;
T_2.37 ;
    %load/vec4 v0000000004c16230_0;
    %pad/u 32;
    %load/vec4 v0000000004bb1d40_0;
    %cmp/ne;
    %jmp/0xz  T_2.42, 6;
    %vpi_call/w 3 111 "$display", "Test for s %b, m0 %b, m1 %b, m2 %b and m3 %b: Expected %b, but was %b", v0000000004c16690_0, v0000000004c16370_0, v0000000004c176d0_0, v0000000004c173b0_0, v0000000004c17770_0, v0000000004c16370_0, v0000000004c16230_0 {0 0 0};
    %pushi/vec4 1, 0, 1;
    %store/vec4 v0000000004c17130_0, 0, 1;
T_2.42 ;
    %jmp T_2.41;
T_2.38 ;
    %load/vec4 v0000000004c16230_0;
    %pad/u 32;
    %load/vec4 v0000000004bb1520_0;
    %cmp/ne;
    %jmp/0xz  T_2.44, 6;
    %vpi_call/w 3 115 "$display", "Test for s %b, m0 %b, m1 %b, m2 %b and m3 %b: Expected %b, but was %b", v0000000004c16690_0, v0000000004c16370_0, v0000000004c176d0_0, v0000000004c173b0_0, v0000000004c17770_0, v0000000004c176d0_0, v0000000004c16230_0 {0 0 0};
    %pushi/vec4 1, 0, 1;
    %store/vec4 v0000000004c17130_0, 0, 1;
T_2.44 ;
    %jmp T_2.41;
T_2.39 ;
    %load/vec4 v0000000004c16230_0;
    %pad/u 32;
    %load/vec4 v0000000004bb10c0_0;
    %cmp/ne;
    %jmp/0xz  T_2.46, 6;
    %vpi_call/w 3 119 "$display", "Test for s %b, m0 %b, m1 %b, m2 %b and m3 %b: Expected %b, but was %b", v0000000004c16690_0, v0000000004c16370_0, v0000000004c176d0_0, v0000000004c173b0_0, v0000000004c17770_0, v0000000004c173b0_0, v0000000004c16230_0 {0 0 0};
    %pushi/vec4 1, 0, 1;
    %store/vec4 v0000000004c17130_0, 0, 1;
T_2.46 ;
    %jmp T_2.41;
T_2.40 ;
    %load/vec4 v0000000004c16230_0;
    %pad/u 32;
    %load/vec4 v0000000004bb15c0_0;
    %cmp/ne;
    %jmp/0xz  T_2.48, 6;
    %vpi_call/w 3 123 "$display", "Test for s %b, m0 %b, m1 %b, m2 %b and m3 %b: Expected %b, but was %b", v0000000004c16690_0, v0000000004c16370_0, v0000000004c176d0_0, v0000000004c173b0_0, v0000000004c17770_0, v0000000004c17770_0, v0000000004c16230_0 {0 0 0};
    %pushi/vec4 1, 0, 1;
    %store/vec4 v0000000004c17130_0, 0, 1;
T_2.48 ;
    %jmp T_2.41;
T_2.41 ;
    %pop/vec4 1;
T_2.36 ; for-loop step statement
    ; show_stmt_assign_vector: Get l-value for compressed += operand
    %load/vec4 v0000000004bb17a0_0;
    %pushi/vec4 1, 0, 32;
    %add;
    %cast2;
    %store/vec4 v0000000004bb17a0_0, 0, 32;
    %jmp T_2.34;
T_2.35 ; for-loop exit label
    %end;
    .scope S_0000000004366a30;
t_14 %join;
T_2.33 ; for-loop step statement
    ; show_stmt_assign_vector: Get l-value for compressed += operand
    %load/vec4 v0000000004bb15c0_0;
    %pushi/vec4 1, 0, 32;
    %add;
    %cast2;
    %store/vec4 v0000000004bb15c0_0, 0, 32;
    %jmp T_2.31;
T_2.32 ; for-loop exit label
    %end;
    .scope S_0000000004b96580;
t_12 %join;
T_2.30 ; for-loop step statement
    ; show_stmt_assign_vector: Get l-value for compressed += operand
    %load/vec4 v0000000004bb10c0_0;
    %pushi/vec4 1, 0, 32;
    %add;
    %cast2;
    %store/vec4 v0000000004bb10c0_0, 0, 32;
    %jmp T_2.28;
T_2.29 ; for-loop exit label
    %end;
    .scope S_0000000004b963f0;
t_10 %join;
T_2.27 ; for-loop step statement
    ; show_stmt_assign_vector: Get l-value for compressed += operand
    %load/vec4 v0000000004bb1520_0;
    %pushi/vec4 1, 0, 32;
    %add;
    %cast2;
    %store/vec4 v0000000004bb1520_0, 0, 32;
    %jmp T_2.25;
T_2.26 ; for-loop exit label
    %end;
    .scope S_0000000004b96260;
t_8 %join;
T_2.24 ; for-loop step statement
    ; show_stmt_assign_vector: Get l-value for compressed += operand
    %load/vec4 v0000000004bb1d40_0;
    %pushi/vec4 1, 0, 32;
    %add;
    %cast2;
    %store/vec4 v0000000004bb1d40_0, 0, 32;
    %jmp T_2.22;
T_2.23 ; for-loop exit label
    %end;
    .scope S_000000000436b230;
t_6 %join;
    %pushi/vec4 255, 0, 8;
    %store/vec4 v0000000004c16370_0, 0, 8;
    %pushi/vec4 255, 0, 8;
    %store/vec4 v0000000004c176d0_0, 0, 8;
    %pushi/vec4 255, 0, 8;
    %store/vec4 v0000000004c173b0_0, 0, 8;
    %pushi/vec4 255, 0, 8;
    %store/vec4 v0000000004c17770_0, 0, 8;
    %pushi/vec4 3, 0, 2;
    %store/vec4 v0000000004c16690_0, 0, 2;
    %delay 1, 0;
    %load/vec4 v0000000004c16230_0;
    %load/vec4 v0000000004c17770_0;
    %cmp/ne;
    %jmp/0xz  T_2.50, 6;
    %vpi_call/w 3 140 "$display", "Test for s %b, m0 %b, m1 %b, m2 %b and m3 %b: Expected %b, but was %b", v0000000004c16690_0, v0000000004c16370_0, v0000000004c176d0_0, v0000000004c173b0_0, v0000000004c17770_0, v0000000004c17770_0, v0000000004c16230_0 {0 0 0};
    %pushi/vec4 1, 0, 1;
    %store/vec4 v0000000004c17130_0, 0, 1;
T_2.50 ;
    %vpi_call/w 3 144 "$display", "************* SIMULATION COMPLETE FOR multiplexer2bit *************" {0 0 0};
    %load/vec4 v0000000004c17130_0;
    %pad/u 32;
    %cmpi/e 0, 0, 32;
    %jmp/0xz  T_2.52, 4;
    %vpi_call/w 3 146 "$display", "All tests succeeded" {0 0 0};
    %jmp T_2.53;
T_2.52 ;
    %vpi_call/w 3 148 "$display", "THERE WERE ERRORS" {0 0 0};
T_2.53 ;
    %vpi_call/w 3 151 "$display", "************* FINAL RESULTS *************" {0 0 0};
    %load/vec4 v0000000004c17270_0;
    %pad/u 32;
    %cmpi/e 0, 0, 32;
    %jmp/0xz  T_2.54, 4;
    %vpi_call/w 3 153 "$display", "All tests for multiplexer1bit succeeded" {0 0 0};
    %jmp T_2.55;
T_2.54 ;
    %vpi_call/w 3 155 "$display", "THERE WERE ERRORS FOR multiplexer1bit" {0 0 0};
T_2.55 ;
    %load/vec4 v0000000004c17130_0;
    %pad/u 32;
    %cmpi/e 0, 0, 32;
    %jmp/0xz  T_2.56, 4;
    %vpi_call/w 3 158 "$display", "All tests for multiplexer2bit succeeded" {0 0 0};
    %jmp T_2.57;
T_2.56 ;
    %vpi_call/w 3 160 "$display", "THERE WERE ERRORS FOR multiplexer2bit" {0 0 0};
T_2.57 ;
    %vpi_call/w 3 162 "$finish" {0 0 0};
    %end;
    .thread T_2;
# The file index is used to find the file name in the following table.
:file_names 5;
    "N/A";
    "<interactive>";
    "-";
    "multiplexer_tb.sv";
    "multiplexer.sv";
