#! 
:ivl_version "13.0 (devel)" "(s20221226-345-gc9548f033)";
:ivl_delay_selection "TYPICAL";
:vpi_time_precision - 9;
:vpi_module "C:\Users\H\DOWNLO~1\OSS-CA~1\lib\ivl\system.vpi";
:vpi_module "C:\Users\H\DOWNLO~1\OSS-CA~1\lib\ivl\vhdl_sys.vpi";
:vpi_module "C:\Users\H\DOWNLO~1\OSS-CA~1\lib\ivl\vhdl_textio.vpi";
:vpi_module "C:\Users\H\DOWNLO~1\OSS-CA~1\lib\ivl\v2005_math.vpi";
:vpi_module "C:\Users\H\DOWNLO~1\OSS-CA~1\lib\ivl\va_math.vpi";
:vpi_module "C:\Users\H\DOWNLO~1\OSS-CA~1\lib\ivl\v2009.vpi";
S_0000000004afd380 .scope package, "$unit" "$unit" 2 1;
 .timescale 0 0;
S_0000000004afd720 .scope module, "shifter_tb" "shifter_tb" 3 3;
 .timescale -9 -9;
v0000000004af9c40_0 .var "ERROR", 0 0;
v0000000004b63c80_0 .var "in", 3 0;
v0000000004b64040_0 .net "out", 7 0, v0000000004af9ce0_0;  1 drivers
v0000000004b636e0_0 .var "s", 1 0;
S_0000000004b08d70 .scope begin, "$ivl_for_loop0" "$ivl_for_loop0" 3 36, 3 36 0, S_0000000004afd720;
 .timescale -9 -9;
v0000000004afa0a0_0 .var/2s "i", 31 0;
S_0000000004b08f00 .scope begin, "$ivl_for_loop1" "$ivl_for_loop1" 3 37, 3 37 0, S_0000000004b08d70;
 .timescale -9 -9;
v0000000004af9d80_0 .var/2s "j", 31 0;
S_0000000004b09090 .scope module, "uut" "shifter" 3 19, 4 3 0, S_0000000004afd720;
 .timescale -9 -9;
    .port_info 0 /INPUT 4 "in";
    .port_info 1 /INPUT 2 "s";
    .port_info 2 /OUTPUT 8 "out";
v0000000004afa140_0 .net *"_ivl_0", 3 0, L_0000000004b63a00;  1 drivers
L_0000000004b658e8 .functor BUFT 1, C4<000>, C4<0>, C4<0>, C4<0>;
v0000000004afa000_0 .net *"_ivl_14", 2 0, L_0000000004b658e8;  1 drivers
L_0000000004b65930 .functor BUFT 1, C4<00>, C4<0>, C4<0>, C4<0>;
v0000000004afa1e0_0 .net/2u *"_ivl_16", 1 0, L_0000000004b65930;  1 drivers
v0000000004afa6e0_0 .net *"_ivl_18", 5 0, L_0000000004b63460;  1 drivers
L_0000000004b65978 .functor BUFT 1, C4<00>, C4<0>, C4<0>, C4<0>;
v0000000004afa8c0_0 .net *"_ivl_23", 1 0, L_0000000004b65978;  1 drivers
L_0000000004b659c0 .functor BUFT 1, C4<000>, C4<0>, C4<0>, C4<0>;
v0000000004afa280_0 .net/2u *"_ivl_25", 2 0, L_0000000004b659c0;  1 drivers
v0000000004afaa00_0 .net *"_ivl_27", 6 0, L_0000000004b63640;  1 drivers
L_0000000004b65a08 .functor BUFT 1, C4<0>, C4<0>, C4<0>, C4<0>;
v0000000004afa320_0 .net *"_ivl_32", 0 0, L_0000000004b65a08;  1 drivers
L_0000000004b65858 .functor BUFT 1, C4<0000>, C4<0>, C4<0>, C4<0>;
v0000000004afa460_0 .net *"_ivl_5", 3 0, L_0000000004b65858;  1 drivers
L_0000000004b658a0 .functor BUFT 1, C4<0>, C4<0>, C4<0>, C4<0>;
v0000000004afa5a0_0 .net/2u *"_ivl_7", 0 0, L_0000000004b658a0;  1 drivers
v0000000004afa3c0_0 .net *"_ivl_9", 4 0, L_0000000004b63d20;  1 drivers
v0000000004afaaa0_0 .net "in", 3 0, v0000000004b63c80_0;  1 drivers
v0000000004af9ba0_0 .net "out", 7 0, v0000000004af9ce0_0;  alias, 1 drivers
v0000000004afa640_0 .net "s", 1 0, v0000000004b636e0_0;  1 drivers
L_0000000004b63a00 .concat [ 4 0 0 0], v0000000004b63c80_0;
L_0000000004b631e0 .concat [ 4 4 0 0], L_0000000004b63a00, L_0000000004b65858;
L_0000000004b63d20 .concat [ 1 4 0 0], L_0000000004b658a0, v0000000004b63c80_0;
L_0000000004b63140 .concat [ 5 3 0 0], L_0000000004b63d20, L_0000000004b658e8;
L_0000000004b63460 .concat [ 2 4 0 0], L_0000000004b65930, v0000000004b63c80_0;
L_0000000004b64540 .concat [ 6 2 0 0], L_0000000004b63460, L_0000000004b65978;
L_0000000004b63640 .concat [ 3 4 0 0], L_0000000004b659c0, v0000000004b63c80_0;
L_0000000004b64720 .concat [ 7 1 0 0], L_0000000004b63640, L_0000000004b65a08;
S_0000000004b05ac0 .scope module, "mux2" "multiplexer2bit" 4 11, 5 21 0, S_0000000004b09090;
 .timescale -9 -9;
    .port_info 0 /INPUT 8 "m0";
    .port_info 1 /INPUT 8 "m1";
    .port_info 2 /INPUT 8 "m2";
    .port_info 3 /INPUT 8 "m3";
    .port_info 4 /INPUT 2 "s";
    .port_info 5 /OUTPUT 8 "out";
v0000000004afa820_0 .net "m0", 7 0, L_0000000004b631e0;  1 drivers
v0000000004af9e20_0 .net "m1", 7 0, L_0000000004b63140;  1 drivers
v0000000004af9ec0_0 .net "m2", 7 0, L_0000000004b64540;  1 drivers
v0000000004afa500_0 .net "m3", 7 0, L_0000000004b64720;  1 drivers
v0000000004af9ce0_0 .var "out", 7 0;
v0000000004afa780_0 .net "s", 1 0, v0000000004b636e0_0;  alias, 1 drivers
E_0000000004af7ad0/0 .event anyedge, v0000000004afa780_0, v0000000004afa820_0, v0000000004af9e20_0, v0000000004af9ec0_0;
E_0000000004af7ad0/1 .event anyedge, v0000000004afa500_0;
E_0000000004af7ad0 .event/or E_0000000004af7ad0/0, E_0000000004af7ad0/1;
    .scope S_0000000004b05ac0;
T_0 ;
    %wait E_0000000004af7ad0;
    %load/vec4 v0000000004afa780_0;
    %cmpi/e 0, 0, 2;
    %jmp/0xz  T_0.0, 4;
    %load/vec4 v0000000004afa820_0;
    %store/vec4 v0000000004af9ce0_0, 0, 8;
    %jmp T_0.1;
T_0.0 ;
    %load/vec4 v0000000004afa780_0;
    %cmpi/e 1, 0, 2;
    %jmp/0xz  T_0.2, 4;
    %load/vec4 v0000000004af9e20_0;
    %store/vec4 v0000000004af9ce0_0, 0, 8;
    %jmp T_0.3;
T_0.2 ;
    %load/vec4 v0000000004afa780_0;
    %cmpi/e 2, 0, 2;
    %jmp/0xz  T_0.4, 4;
    %load/vec4 v0000000004af9ec0_0;
    %store/vec4 v0000000004af9ce0_0, 0, 8;
    %jmp T_0.5;
T_0.4 ;
    %load/vec4 v0000000004afa500_0;
    %store/vec4 v0000000004af9ce0_0, 0, 8;
T_0.5 ;
T_0.3 ;
T_0.1 ;
    %jmp T_0;
    .thread T_0, $push;
    .scope S_0000000004afd720;
T_1 ;
    %vpi_call/w 3 26 "$dumpfile", "shifter_tb.vcd" {0 0 0};
    %vpi_call/w 3 27 "$timeformat", 32'sb11111111111111111111111111110111, 32'sb00000000000000000000000000000000, " ns", 32'sb00000000000000000000000000001000 {0 0 0};
    %vpi_call/w 3 28 "$dumpvars" {0 0 0};
    %pushi/vec4 0, 0, 1;
    %store/vec4 v0000000004af9c40_0, 0, 1;
    %vpi_call/w 3 33 "$display", "************* STARTING SIMULATION *************" {0 0 0};
    %fork t_1, S_0000000004b08d70;
    %jmp t_0;
    .scope S_0000000004b08d70;
t_1 ;
    %pushi/vec4 0, 0, 32;
    %store/vec4 v0000000004afa0a0_0, 0, 32;
T_1.0 ; Top of for-loop 
    %load/vec4 v0000000004afa0a0_0;
    %cmpi/s 16, 0, 32;
    %jmp/0xz T_1.1, 5;
    %fork t_3, S_0000000004b08f00;
    %jmp t_2;
    .scope S_0000000004b08f00;
t_3 ;
    %pushi/vec4 0, 0, 32;
    %store/vec4 v0000000004af9d80_0, 0, 32;
T_1.3 ; Top of for-loop 
    %load/vec4 v0000000004af9d80_0;
    %cmpi/s 4, 0, 32;
    %jmp/0xz T_1.4, 5;
    %load/vec4 v0000000004afa0a0_0;
    %pad/s 4;
    %store/vec4 v0000000004b63c80_0, 0, 4;
    %load/vec4 v0000000004af9d80_0;
    %pad/s 2;
    %store/vec4 v0000000004b636e0_0, 0, 2;
    %delay 1, 0;
    %load/vec4 v0000000004b64040_0;
    %pad/u 32;
    %load/vec4 v0000000004afa0a0_0;
    %load/vec4 v0000000004af9d80_0;
    %ix/vec4 4;
    %shiftl 4;
    %cmp/ne;
    %jmp/0xz  T_1.6, 6;
    %pushi/vec4 0, 0, 4;
    %load/vec4 v0000000004b63c80_0;
    %concat/vec4; draw_concat_vec4
    %ix/getv 4, v0000000004b636e0_0;
    %shiftl 4;
    %vpi_call/w 3 42 "$display", "Test for in %b and s %b: Expected out %b, but was %b", v0000000004b63c80_0, v0000000004b636e0_0, S<0,vec4,u8>, v0000000004b64040_0 {1 0 0};
    %pushi/vec4 1, 0, 1;
    %store/vec4 v0000000004af9c40_0, 0, 1;
T_1.6 ;
T_1.5 ; for-loop step statement
    ; show_stmt_assign_vector: Get l-value for compressed += operand
    %load/vec4 v0000000004af9d80_0;
    %pushi/vec4 1, 0, 32;
    %add;
    %cast2;
    %store/vec4 v0000000004af9d80_0, 0, 32;
    %jmp T_1.3;
T_1.4 ; for-loop exit label
    %end;
    .scope S_0000000004b08d70;
t_2 %join;
T_1.2 ; for-loop step statement
    ; show_stmt_assign_vector: Get l-value for compressed += operand
    %load/vec4 v0000000004afa0a0_0;
    %pushi/vec4 1, 0, 32;
    %add;
    %cast2;
    %store/vec4 v0000000004afa0a0_0, 0, 32;
    %jmp T_1.0;
T_1.1 ; for-loop exit label
    %end;
    .scope S_0000000004afd720;
t_0 %join;
    %vpi_call/w 3 48 "$display", "************* SIMULATION COMPLETE *************" {0 0 0};
    %load/vec4 v0000000004af9c40_0;
    %pad/u 32;
    %cmpi/e 0, 0, 32;
    %jmp/0xz  T_1.8, 4;
    %vpi_call/w 3 50 "$display", "All tests succeeded" {0 0 0};
    %jmp T_1.9;
T_1.8 ;
    %vpi_call/w 3 52 "$display", "THERE WERE ERRORS" {0 0 0};
T_1.9 ;
    %vpi_call/w 3 54 "$finish" {0 0 0};
    %end;
    .thread T_1;
# The file index is used to find the file name in the following table.
:file_names 6;
    "N/A";
    "<interactive>";
    "-";
    "shifter_tb.sv";
    "shifter.sv";
    "multiplexer.sv";
